e:\temp\putty-src\windows\vs2012\puttygen\release\vc141.pdb
e:\temp\putty-src\windows\vs2012\puttygen\release\sshsh256.obj
e:\temp\putty-src\windows\vs2012\puttygen\release\sshrsag.obj
e:\temp\putty-src\windows\vs2012\puttygen\release\sshrsa.obj
e:\temp\putty-src\windows\vs2012\puttygen\release\sshrand.obj
e:\temp\putty-src\windows\vs2012\puttygen\release\sshpubk.obj
e:\temp\putty-src\windows\vs2012\puttygen\release\sshprime.obj
e:\temp\putty-src\windows\vs2012\puttygen\release\sshmd5.obj
e:\temp\putty-src\windows\vs2012\puttygen\release\sshecdsag.obj
e:\temp\putty-src\windows\vs2012\puttygen\release\sshecc.obj
e:\temp\putty-src\windows\vs2012\puttygen\release\sshdssg.obj
e:\temp\putty-src\windows\vs2012\puttygen\release\sshdss.obj
e:\temp\putty-src\windows\vs2012\puttygen\release\sshdes.obj
e:\temp\putty-src\windows\vs2012\puttygen\release\sshbn.obj
e:\temp\putty-src\windows\vs2012\puttygen\release\sshblowf.obj
e:\temp\putty-src\windows\vs2012\puttygen\release\sshbcrypt.obj
e:\temp\putty-src\windows\vs2012\puttygen\release\sshaes.obj
e:\temp\putty-src\windows\vs2012\puttygen\release\notiming.obj
e:\temp\putty-src\windows\vs2012\puttygen\release\misc.obj
e:\temp\putty-src\windows\vs2012\puttygen\release\import.obj
e:\temp\putty-src\windows\vs2012\puttygen\release\conf.obj
e:\temp\putty-src\windows\vs2012\puttygen\release\winutils.obj
e:\temp\putty-src\windows\vs2012\puttygen\release\wintime.obj
e:\temp\putty-src\windows\vs2012\puttygen\release\winstore.obj
e:\temp\putty-src\windows\vs2012\puttygen\release\winsecur.obj
e:\temp\putty-src\windows\vs2012\puttygen\release\winpgen.obj
e:\temp\putty-src\windows\vs2012\puttygen\release\winnojmp.obj
e:\temp\putty-src\windows\vs2012\puttygen\release\winnoise.obj
e:\temp\putty-src\windows\vs2012\puttygen\release\winmisc.obj
e:\temp\putty-src\windows\vs2012\puttygen\release\winhelp.obj
e:\temp\putty-src\windows\vs2012\puttygen\release\winctrls.obj
e:\temp\putty-src\windows\vs2012\puttygen\release\version.obj
e:\temp\putty-src\windows\vs2012\puttygen\release\tree234.obj
e:\temp\putty-src\windows\vs2012\puttygen\release\sshsha.obj
e:\temp\putty-src\windows\vs2012\puttygen\release\sshsh512.obj
e:\temp\putty-src\windows\vs2012\puttygen\release\puttygen.exe
e:\temp\putty-src\windows\vs2012\x64\release\puttygen.pdb
e:\temp\putty-src\windows\vs2012\puttygen\x64\release\puttygen.res
e:\temp\putty-src\windows\vs2012\puttygen\x64\release\puttygen.tlog\cl.command.1.tlog
e:\temp\putty-src\windows\vs2012\puttygen\x64\release\puttygen.tlog\cl.read.1.tlog
e:\temp\putty-src\windows\vs2012\puttygen\x64\release\puttygen.tlog\cl.write.1.tlog
e:\temp\putty-src\windows\vs2012\puttygen\x64\release\puttygen.tlog\link.command.1.tlog
e:\temp\putty-src\windows\vs2012\puttygen\x64\release\puttygen.tlog\link.read.1.tlog
e:\temp\putty-src\windows\vs2012\puttygen\x64\release\puttygen.tlog\link.write.1.tlog
e:\temp\putty-src\windows\vs2012\puttygen\x64\release\puttygen.tlog\rc.command.1.tlog
e:\temp\putty-src\windows\vs2012\puttygen\x64\release\puttygen.tlog\rc.read.1.tlog
e:\temp\putty-src\windows\vs2012\puttygen\x64\release\puttygen.tlog\rc.write.1.tlog
