e:\temp\putty-src\windows\vs2012\pscp\release\vc141.pdb
e:\temp\putty-src\windows\vs2012\pscp\release\ssh.obj
e:\temp\putty-src\windows\vs2012\pscp\release\sftp.obj
e:\temp\putty-src\windows\vs2012\pscp\release\settings.obj
e:\temp\putty-src\windows\vs2012\pscp\release\pscp.obj
e:\temp\putty-src\windows\vs2012\pscp\release\proxy.obj
e:\temp\putty-src\windows\vs2012\pscp\release\portfwd.obj
e:\temp\putty-src\windows\vs2012\pscp\release\pinger.obj
e:\temp\putty-src\windows\vs2012\pscp\release\pgssapi.obj
e:\temp\putty-src\windows\vs2012\pscp\release\miscucs.obj
e:\temp\putty-src\windows\vs2012\pscp\release\misc.obj
e:\temp\putty-src\windows\vs2012\pscp\release\logging.obj
e:\temp\putty-src\windows\vs2012\pscp\release\int64.obj
e:\temp\putty-src\windows\vs2012\pscp\release\errsock.obj
e:\temp\putty-src\windows\vs2012\pscp\release\cproxy.obj
e:\temp\putty-src\windows\vs2012\pscp\release\conf.obj
e:\temp\putty-src\windows\vs2012\pscp\release\cmdline.obj
e:\temp\putty-src\windows\vs2012\pscp\release\callback.obj
e:\temp\putty-src\windows\vs2012\pscp\release\be_ssh.obj
e:\temp\putty-src\windows\vs2012\pscp\release\be_misc.obj
e:\temp\putty-src\windows\vs2012\pscp\release\aqsync.obj
e:\temp\putty-src\windows\vs2012\pscp\release\sshshare.obj
e:\temp\putty-src\windows\vs2012\pscp\release\sshsha.obj
e:\temp\putty-src\windows\vs2012\pscp\release\sshsh512.obj
e:\temp\putty-src\windows\vs2012\pscp\release\sshsh256.obj
e:\temp\putty-src\windows\vs2012\pscp\release\sshrsa.obj
e:\temp\putty-src\windows\vs2012\pscp\release\sshrand.obj
e:\temp\putty-src\windows\vs2012\pscp\release\sshpubk.obj
e:\temp\putty-src\windows\vs2012\pscp\release\sshmd5.obj
e:\temp\putty-src\windows\vs2012\pscp\release\sshgssc.obj
e:\temp\putty-src\windows\vs2012\pscp\release\sshecc.obj
e:\temp\putty-src\windows\vs2012\pscp\release\sshdss.obj
e:\temp\putty-src\windows\vs2012\pscp\release\sshdh.obj
e:\temp\putty-src\windows\vs2012\pscp\release\sshdes.obj
e:\temp\putty-src\windows\vs2012\pscp\release\sshcrcda.obj
e:\temp\putty-src\windows\vs2012\pscp\release\sshcrc.obj
e:\temp\putty-src\windows\vs2012\pscp\release\sshccp.obj
e:\temp\putty-src\windows\vs2012\pscp\release\sshbn.obj
e:\temp\putty-src\windows\vs2012\pscp\release\sshblowf.obj
e:\temp\putty-src\windows\vs2012\pscp\release\ssharcf.obj
e:\temp\putty-src\windows\vs2012\pscp\release\sshaes.obj
e:\temp\putty-src\windows\vs2012\pscp\release\winsecur.obj
e:\temp\putty-src\windows\vs2012\pscp\release\winproxy.obj
e:\temp\putty-src\windows\vs2012\pscp\release\winpgntc.obj
e:\temp\putty-src\windows\vs2012\pscp\release\winnps.obj
e:\temp\putty-src\windows\vs2012\pscp\release\winnpc.obj
e:\temp\putty-src\windows\vs2012\pscp\release\winnojmp.obj
e:\temp\putty-src\windows\vs2012\pscp\release\winnoise.obj
e:\temp\putty-src\windows\vs2012\pscp\release\winnet.obj
e:\temp\putty-src\windows\vs2012\pscp\release\winmisc.obj
e:\temp\putty-src\windows\vs2012\pscp\release\winhsock.obj
e:\temp\putty-src\windows\vs2012\pscp\release\winhandl.obj
e:\temp\putty-src\windows\vs2012\pscp\release\wingss.obj
e:\temp\putty-src\windows\vs2012\pscp\release\windefs.obj
e:\temp\putty-src\windows\vs2012\pscp\release\wincons.obj
e:\temp\putty-src\windows\vs2012\pscp\release\wincapi.obj
e:\temp\putty-src\windows\vs2012\pscp\release\wildcard.obj
e:\temp\putty-src\windows\vs2012\pscp\release\version.obj
e:\temp\putty-src\windows\vs2012\pscp\release\tree234.obj
e:\temp\putty-src\windows\vs2012\pscp\release\timing.obj
e:\temp\putty-src\windows\vs2012\pscp\release\sshzlib.obj
e:\temp\putty-src\windows\vs2012\pscp\release\x11fwd.obj
e:\temp\putty-src\windows\vs2012\pscp\release\winucs.obj
e:\temp\putty-src\windows\vs2012\pscp\release\wintime.obj
e:\temp\putty-src\windows\vs2012\pscp\release\winstore.obj
e:\temp\putty-src\windows\vs2012\pscp\release\winshare.obj
e:\temp\putty-src\windows\vs2012\pscp\release\winsftp.obj
e:\temp\putty-src\windows\vs2012\pscp\release\pscp.exe
e:\temp\putty-src\windows\vs2012\x64\release\pscp.pdb
e:\temp\putty-src\windows\vs2012\pscp\x64\release\pscp.res
e:\temp\putty-src\windows\vs2012\pscp\x64\release\pscp.tlog\cl.command.1.tlog
e:\temp\putty-src\windows\vs2012\pscp\x64\release\pscp.tlog\cl.read.1.tlog
e:\temp\putty-src\windows\vs2012\pscp\x64\release\pscp.tlog\cl.write.1.tlog
e:\temp\putty-src\windows\vs2012\pscp\x64\release\pscp.tlog\link.command.1.tlog
e:\temp\putty-src\windows\vs2012\pscp\x64\release\pscp.tlog\link.read.1.tlog
e:\temp\putty-src\windows\vs2012\pscp\x64\release\pscp.tlog\link.write.1.tlog
e:\temp\putty-src\windows\vs2012\pscp\x64\release\pscp.tlog\rc.command.1.tlog
e:\temp\putty-src\windows\vs2012\pscp\x64\release\pscp.tlog\rc.read.1.tlog
e:\temp\putty-src\windows\vs2012\pscp\x64\release\pscp.tlog\rc.write.1.tlog
