e:\temp\putty-src\windows\vs2012\puttytel\release\vc141.pdb
e:\temp\putty-src\windows\vs2012\puttytel\release\rlogin.obj
e:\temp\putty-src\windows\vs2012\puttytel\release\raw.obj
e:\temp\putty-src\windows\vs2012\puttytel\release\proxy.obj
e:\temp\putty-src\windows\vs2012\puttytel\release\pinger.obj
e:\temp\putty-src\windows\vs2012\puttytel\release\nogss.obj
e:\temp\putty-src\windows\vs2012\puttytel\release\nocproxy.obj
e:\temp\putty-src\windows\vs2012\puttytel\release\miscucs.obj
e:\temp\putty-src\windows\vs2012\puttytel\release\misc.obj
e:\temp\putty-src\windows\vs2012\puttytel\release\minibidi.obj
e:\temp\putty-src\windows\vs2012\puttytel\release\logging.obj
e:\temp\putty-src\windows\vs2012\puttytel\release\ldiscucs.obj
e:\temp\putty-src\windows\vs2012\puttytel\release\ldisc.obj
e:\temp\putty-src\windows\vs2012\puttytel\release\errsock.obj
e:\temp\putty-src\windows\vs2012\puttytel\release\dialog.obj
e:\temp\putty-src\windows\vs2012\puttytel\release\conf.obj
e:\temp\putty-src\windows\vs2012\puttytel\release\cmdline.obj
e:\temp\putty-src\windows\vs2012\puttytel\release\callback.obj
e:\temp\putty-src\windows\vs2012\puttytel\release\be_nos_s.obj
e:\temp\putty-src\windows\vs2012\puttytel\release\be_misc.obj
e:\temp\putty-src\windows\vs2012\puttytel\release\winmisc.obj
e:\temp\putty-src\windows\vs2012\puttytel\release\winjump.obj
e:\temp\putty-src\windows\vs2012\puttytel\release\winhsock.obj
e:\temp\putty-src\windows\vs2012\puttytel\release\winhelp.obj
e:\temp\putty-src\windows\vs2012\puttytel\release\winhandl.obj
e:\temp\putty-src\windows\vs2012\puttytel\release\windefs.obj
e:\temp\putty-src\windows\vs2012\puttytel\release\winctrls.obj
e:\temp\putty-src\windows\vs2012\puttytel\release\wincfg.obj
e:\temp\putty-src\windows\vs2012\puttytel\release\sizetip.obj
e:\temp\putty-src\windows\vs2012\puttytel\release\wcwidth.obj
e:\temp\putty-src\windows\vs2012\puttytel\release\version.obj
e:\temp\putty-src\windows\vs2012\puttytel\release\tree234.obj
e:\temp\putty-src\windows\vs2012\puttytel\release\timing.obj
e:\temp\putty-src\windows\vs2012\puttytel\release\terminal.obj
e:\temp\putty-src\windows\vs2012\puttytel\release\telnet.obj
e:\temp\putty-src\windows\vs2012\puttytel\release\settings.obj
e:\temp\putty-src\windows\vs2012\puttytel\release\sessprep.obj
e:\temp\putty-src\windows\vs2012\puttytel\release\sercfg.obj
e:\temp\putty-src\windows\vs2012\puttytel\release\winutils.obj
e:\temp\putty-src\windows\vs2012\puttytel\release\winucs.obj
e:\temp\putty-src\windows\vs2012\puttytel\release\wintime.obj
e:\temp\putty-src\windows\vs2012\puttytel\release\winstore.obj
e:\temp\putty-src\windows\vs2012\puttytel\release\winser.obj
e:\temp\putty-src\windows\vs2012\puttytel\release\winsecur.obj
e:\temp\putty-src\windows\vs2012\puttytel\release\winproxy.obj
e:\temp\putty-src\windows\vs2012\puttytel\release\winprint.obj
e:\temp\putty-src\windows\vs2012\puttytel\release\winnet.obj
e:\temp\putty-src\windows\vs2012\puttytel\release\window.obj
e:\temp\putty-src\windows\vs2012\puttytel\release\windlg.obj
e:\temp\putty-src\windows\vs2012\puttytel\release\config.obj
e:\temp\putty-src\windows\vs2012\puttytel\x64\release\puttytel.res
e:\temp\putty-src\windows\vs2012\x64\release\puttytel.pdb
e:\temp\putty-src\windows\vs2012\puttytel\x64\release\puttytel.tlog\cl.command.1.tlog
e:\temp\putty-src\windows\vs2012\puttytel\x64\release\puttytel.tlog\cl.read.1.tlog
e:\temp\putty-src\windows\vs2012\puttytel\x64\release\puttytel.tlog\cl.write.1.tlog
e:\temp\putty-src\windows\vs2012\puttytel\x64\release\puttytel.tlog\link-cvtres.read.1.tlog
e:\temp\putty-src\windows\vs2012\puttytel\x64\release\puttytel.tlog\link-cvtres.write.1.tlog
e:\temp\putty-src\windows\vs2012\puttytel\x64\release\puttytel.tlog\link-rc.read.1.tlog
e:\temp\putty-src\windows\vs2012\puttytel\x64\release\puttytel.tlog\link-rc.write.1.tlog
e:\temp\putty-src\windows\vs2012\puttytel\x64\release\puttytel.tlog\link.command.1.tlog
e:\temp\putty-src\windows\vs2012\puttytel\x64\release\puttytel.tlog\link.read.1.tlog
e:\temp\putty-src\windows\vs2012\puttytel\x64\release\puttytel.tlog\link.write.1.tlog
e:\temp\putty-src\windows\vs2012\puttytel\x64\release\puttytel.tlog\rc.command.1.tlog
e:\temp\putty-src\windows\vs2012\puttytel\x64\release\puttytel.tlog\rc.read.1.tlog
e:\temp\putty-src\windows\vs2012\puttytel\x64\release\puttytel.tlog\rc.write.1.tlog
