e:\temp\putty-src\windows\vs2012\plink\release\vc141.pdb
e:\temp\putty-src\windows\vs2012\plink\release\sessprep.obj
e:\temp\putty-src\windows\vs2012\plink\release\rlogin.obj
e:\temp\putty-src\windows\vs2012\plink\release\raw.obj
e:\temp\putty-src\windows\vs2012\plink\release\proxy.obj
e:\temp\putty-src\windows\vs2012\plink\release\portfwd.obj
e:\temp\putty-src\windows\vs2012\plink\release\pinger.obj
e:\temp\putty-src\windows\vs2012\plink\release\pgssapi.obj
e:\temp\putty-src\windows\vs2012\plink\release\noterm.obj
e:\temp\putty-src\windows\vs2012\plink\release\miscucs.obj
e:\temp\putty-src\windows\vs2012\plink\release\misc.obj
e:\temp\putty-src\windows\vs2012\plink\release\logging.obj
e:\temp\putty-src\windows\vs2012\plink\release\ldisc.obj
e:\temp\putty-src\windows\vs2012\plink\release\errsock.obj
e:\temp\putty-src\windows\vs2012\plink\release\cproxy.obj
e:\temp\putty-src\windows\vs2012\plink\release\conf.obj
e:\temp\putty-src\windows\vs2012\plink\release\cmdline.obj
e:\temp\putty-src\windows\vs2012\plink\release\callback.obj
e:\temp\putty-src\windows\vs2012\plink\release\be_misc.obj
e:\temp\putty-src\windows\vs2012\plink\release\be_all_s.obj
e:\temp\putty-src\windows\vs2012\plink\release\aqsync.obj
e:\temp\putty-src\windows\vs2012\plink\release\sshsh512.obj
e:\temp\putty-src\windows\vs2012\plink\release\sshsh256.obj
e:\temp\putty-src\windows\vs2012\plink\release\sshrsa.obj
e:\temp\putty-src\windows\vs2012\plink\release\sshrand.obj
e:\temp\putty-src\windows\vs2012\plink\release\sshpubk.obj
e:\temp\putty-src\windows\vs2012\plink\release\sshmd5.obj
e:\temp\putty-src\windows\vs2012\plink\release\sshgssc.obj
e:\temp\putty-src\windows\vs2012\plink\release\sshecc.obj
e:\temp\putty-src\windows\vs2012\plink\release\sshdss.obj
e:\temp\putty-src\windows\vs2012\plink\release\sshdh.obj
e:\temp\putty-src\windows\vs2012\plink\release\sshdes.obj
e:\temp\putty-src\windows\vs2012\plink\release\sshcrcda.obj
e:\temp\putty-src\windows\vs2012\plink\release\sshcrc.obj
e:\temp\putty-src\windows\vs2012\plink\release\sshccp.obj
e:\temp\putty-src\windows\vs2012\plink\release\sshbn.obj
e:\temp\putty-src\windows\vs2012\plink\release\sshblowf.obj
e:\temp\putty-src\windows\vs2012\plink\release\ssharcf.obj
e:\temp\putty-src\windows\vs2012\plink\release\sshaes.obj
e:\temp\putty-src\windows\vs2012\plink\release\ssh.obj
e:\temp\putty-src\windows\vs2012\plink\release\settings.obj
e:\temp\putty-src\windows\vs2012\plink\release\winnps.obj
e:\temp\putty-src\windows\vs2012\plink\release\winnpc.obj
e:\temp\putty-src\windows\vs2012\plink\release\winnojmp.obj
e:\temp\putty-src\windows\vs2012\plink\release\winnoise.obj
e:\temp\putty-src\windows\vs2012\plink\release\winnet.obj
e:\temp\putty-src\windows\vs2012\plink\release\winmisc.obj
e:\temp\putty-src\windows\vs2012\plink\release\winhsock.obj
e:\temp\putty-src\windows\vs2012\plink\release\winhandl.obj
e:\temp\putty-src\windows\vs2012\plink\release\wingss.obj
e:\temp\putty-src\windows\vs2012\plink\release\windefs.obj
e:\temp\putty-src\windows\vs2012\plink\release\wincons.obj
e:\temp\putty-src\windows\vs2012\plink\release\wincapi.obj
e:\temp\putty-src\windows\vs2012\plink\release\wildcard.obj
e:\temp\putty-src\windows\vs2012\plink\release\version.obj
e:\temp\putty-src\windows\vs2012\plink\release\tree234.obj
e:\temp\putty-src\windows\vs2012\plink\release\timing.obj
e:\temp\putty-src\windows\vs2012\plink\release\telnet.obj
e:\temp\putty-src\windows\vs2012\plink\release\sshzlib.obj
e:\temp\putty-src\windows\vs2012\plink\release\sshshare.obj
e:\temp\putty-src\windows\vs2012\plink\release\sshsha.obj
e:\temp\putty-src\windows\vs2012\plink\release\x11fwd.obj
e:\temp\putty-src\windows\vs2012\plink\release\winx11.obj
e:\temp\putty-src\windows\vs2012\plink\release\winucs.obj
e:\temp\putty-src\windows\vs2012\plink\release\wintime.obj
e:\temp\putty-src\windows\vs2012\plink\release\winstore.obj
e:\temp\putty-src\windows\vs2012\plink\release\winshare.obj
e:\temp\putty-src\windows\vs2012\plink\release\winser.obj
e:\temp\putty-src\windows\vs2012\plink\release\winsecur.obj
e:\temp\putty-src\windows\vs2012\plink\release\winproxy.obj
e:\temp\putty-src\windows\vs2012\plink\release\winpgntc.obj
e:\temp\putty-src\windows\vs2012\plink\release\winplink.obj
e:\temp\putty-src\windows\vs2012\plink\x64\release\plink.res
e:\temp\putty-src\windows\vs2012\x64\release\plink.pdb
e:\temp\putty-src\windows\vs2012\plink\x64\release\plink.tlog\cl.command.1.tlog
e:\temp\putty-src\windows\vs2012\plink\x64\release\plink.tlog\cl.read.1.tlog
e:\temp\putty-src\windows\vs2012\plink\x64\release\plink.tlog\cl.write.1.tlog
e:\temp\putty-src\windows\vs2012\plink\x64\release\plink.tlog\link-cvtres.read.1.tlog
e:\temp\putty-src\windows\vs2012\plink\x64\release\plink.tlog\link-cvtres.write.1.tlog
e:\temp\putty-src\windows\vs2012\plink\x64\release\plink.tlog\link-rc.read.1.tlog
e:\temp\putty-src\windows\vs2012\plink\x64\release\plink.tlog\link-rc.write.1.tlog
e:\temp\putty-src\windows\vs2012\plink\x64\release\plink.tlog\link.command.1.tlog
e:\temp\putty-src\windows\vs2012\plink\x64\release\plink.tlog\link.read.1.tlog
e:\temp\putty-src\windows\vs2012\plink\x64\release\plink.tlog\link.write.1.tlog
e:\temp\putty-src\windows\vs2012\plink\x64\release\plink.tlog\rc.command.1.tlog
e:\temp\putty-src\windows\vs2012\plink\x64\release\plink.tlog\rc.read.1.tlog
e:\temp\putty-src\windows\vs2012\plink\x64\release\plink.tlog\rc.write.1.tlog
