e:\temp\putty-src\windows\vs2012\psftp\release\vc141.pdb
e:\temp\putty-src\windows\vs2012\psftp\release\ssh.obj
e:\temp\putty-src\windows\vs2012\psftp\release\sftp.obj
e:\temp\putty-src\windows\vs2012\psftp\release\settings.obj
e:\temp\putty-src\windows\vs2012\psftp\release\psftp.obj
e:\temp\putty-src\windows\vs2012\psftp\release\proxy.obj
e:\temp\putty-src\windows\vs2012\psftp\release\portfwd.obj
e:\temp\putty-src\windows\vs2012\psftp\release\pinger.obj
e:\temp\putty-src\windows\vs2012\psftp\release\pgssapi.obj
e:\temp\putty-src\windows\vs2012\psftp\release\miscucs.obj
e:\temp\putty-src\windows\vs2012\psftp\release\misc.obj
e:\temp\putty-src\windows\vs2012\psftp\release\logging.obj
e:\temp\putty-src\windows\vs2012\psftp\release\int64.obj
e:\temp\putty-src\windows\vs2012\psftp\release\errsock.obj
e:\temp\putty-src\windows\vs2012\psftp\release\cproxy.obj
e:\temp\putty-src\windows\vs2012\psftp\release\conf.obj
e:\temp\putty-src\windows\vs2012\psftp\release\cmdline.obj
e:\temp\putty-src\windows\vs2012\psftp\release\callback.obj
e:\temp\putty-src\windows\vs2012\psftp\release\be_ssh.obj
e:\temp\putty-src\windows\vs2012\psftp\release\be_misc.obj
e:\temp\putty-src\windows\vs2012\psftp\release\aqsync.obj
e:\temp\putty-src\windows\vs2012\psftp\release\sshshare.obj
e:\temp\putty-src\windows\vs2012\psftp\release\sshsha.obj
e:\temp\putty-src\windows\vs2012\psftp\release\sshsh512.obj
e:\temp\putty-src\windows\vs2012\psftp\release\sshsh256.obj
e:\temp\putty-src\windows\vs2012\psftp\release\sshrsa.obj
e:\temp\putty-src\windows\vs2012\psftp\release\sshrand.obj
e:\temp\putty-src\windows\vs2012\psftp\release\sshpubk.obj
e:\temp\putty-src\windows\vs2012\psftp\release\sshmd5.obj
e:\temp\putty-src\windows\vs2012\psftp\release\sshgssc.obj
e:\temp\putty-src\windows\vs2012\psftp\release\sshecc.obj
e:\temp\putty-src\windows\vs2012\psftp\release\sshdss.obj
e:\temp\putty-src\windows\vs2012\psftp\release\sshdh.obj
e:\temp\putty-src\windows\vs2012\psftp\release\sshdes.obj
e:\temp\putty-src\windows\vs2012\psftp\release\sshcrcda.obj
e:\temp\putty-src\windows\vs2012\psftp\release\sshcrc.obj
e:\temp\putty-src\windows\vs2012\psftp\release\sshccp.obj
e:\temp\putty-src\windows\vs2012\psftp\release\sshbn.obj
e:\temp\putty-src\windows\vs2012\psftp\release\sshblowf.obj
e:\temp\putty-src\windows\vs2012\psftp\release\ssharcf.obj
e:\temp\putty-src\windows\vs2012\psftp\release\sshaes.obj
e:\temp\putty-src\windows\vs2012\psftp\release\winsecur.obj
e:\temp\putty-src\windows\vs2012\psftp\release\winproxy.obj
e:\temp\putty-src\windows\vs2012\psftp\release\winpgntc.obj
e:\temp\putty-src\windows\vs2012\psftp\release\winnps.obj
e:\temp\putty-src\windows\vs2012\psftp\release\winnpc.obj
e:\temp\putty-src\windows\vs2012\psftp\release\winnojmp.obj
e:\temp\putty-src\windows\vs2012\psftp\release\winnoise.obj
e:\temp\putty-src\windows\vs2012\psftp\release\winnet.obj
e:\temp\putty-src\windows\vs2012\psftp\release\winmisc.obj
e:\temp\putty-src\windows\vs2012\psftp\release\winhsock.obj
e:\temp\putty-src\windows\vs2012\psftp\release\winhandl.obj
e:\temp\putty-src\windows\vs2012\psftp\release\wingss.obj
e:\temp\putty-src\windows\vs2012\psftp\release\windefs.obj
e:\temp\putty-src\windows\vs2012\psftp\release\wincons.obj
e:\temp\putty-src\windows\vs2012\psftp\release\wincapi.obj
e:\temp\putty-src\windows\vs2012\psftp\release\wildcard.obj
e:\temp\putty-src\windows\vs2012\psftp\release\version.obj
e:\temp\putty-src\windows\vs2012\psftp\release\tree234.obj
e:\temp\putty-src\windows\vs2012\psftp\release\timing.obj
e:\temp\putty-src\windows\vs2012\psftp\release\sshzlib.obj
e:\temp\putty-src\windows\vs2012\psftp\release\x11fwd.obj
e:\temp\putty-src\windows\vs2012\psftp\release\winucs.obj
e:\temp\putty-src\windows\vs2012\psftp\release\wintime.obj
e:\temp\putty-src\windows\vs2012\psftp\release\winstore.obj
e:\temp\putty-src\windows\vs2012\psftp\release\winshare.obj
e:\temp\putty-src\windows\vs2012\psftp\release\winsftp.obj
e:\temp\putty-src\windows\vs2012\psftp\release\psftp.exe
e:\temp\putty-src\windows\vs2012\x64\release\psftp.pdb
e:\temp\putty-src\windows\vs2012\psftp\x64\release\psftp.res
e:\temp\putty-src\windows\vs2012\psftp\x64\release\psftp.tlog\cl.command.1.tlog
e:\temp\putty-src\windows\vs2012\psftp\x64\release\psftp.tlog\cl.read.1.tlog
e:\temp\putty-src\windows\vs2012\psftp\x64\release\psftp.tlog\cl.write.1.tlog
e:\temp\putty-src\windows\vs2012\psftp\x64\release\psftp.tlog\link.command.1.tlog
e:\temp\putty-src\windows\vs2012\psftp\x64\release\psftp.tlog\link.read.1.tlog
e:\temp\putty-src\windows\vs2012\psftp\x64\release\psftp.tlog\link.write.1.tlog
e:\temp\putty-src\windows\vs2012\psftp\x64\release\psftp.tlog\rc.command.1.tlog
e:\temp\putty-src\windows\vs2012\psftp\x64\release\psftp.tlog\rc.read.1.tlog
e:\temp\putty-src\windows\vs2012\psftp\x64\release\psftp.tlog\rc.write.1.tlog
