e:\temp\putty-src\windows\vs2012\pageant\release\vc141.pdb
e:\temp\putty-src\windows\vs2012\pageant\release\winpgnt.obj
e:\temp\putty-src\windows\vs2012\pageant\release\winmisc.obj
e:\temp\putty-src\windows\vs2012\pageant\release\winhelp.obj
e:\temp\putty-src\windows\vs2012\pageant\release\version.obj
e:\temp\putty-src\windows\vs2012\pageant\release\tree234.obj
e:\temp\putty-src\windows\vs2012\pageant\release\sshsha.obj
e:\temp\putty-src\windows\vs2012\pageant\release\sshsh512.obj
e:\temp\putty-src\windows\vs2012\pageant\release\sshsh256.obj
e:\temp\putty-src\windows\vs2012\pageant\release\sshrsa.obj
e:\temp\putty-src\windows\vs2012\pageant\release\sshpubk.obj
e:\temp\putty-src\windows\vs2012\pageant\release\sshmd5.obj
e:\temp\putty-src\windows\vs2012\pageant\release\sshecc.obj
e:\temp\putty-src\windows\vs2012\pageant\release\sshdss.obj
e:\temp\putty-src\windows\vs2012\pageant\release\sshdes.obj
e:\temp\putty-src\windows\vs2012\pageant\release\sshbn.obj
e:\temp\putty-src\windows\vs2012\pageant\release\sshaes.obj
e:\temp\putty-src\windows\vs2012\pageant\release\pageant.obj
e:\temp\putty-src\windows\vs2012\pageant\release\misc.obj
e:\temp\putty-src\windows\vs2012\pageant\release\conf.obj
e:\temp\putty-src\windows\vs2012\pageant\release\aqsync.obj
e:\temp\putty-src\windows\vs2012\pageant\release\winutils.obj
e:\temp\putty-src\windows\vs2012\pageant\release\winsecur.obj
e:\temp\putty-src\windows\vs2012\pageant\release\winpgntc.obj
e:\temp\putty-src\windows\vs2012\pageant\release\pageant.exe
e:\temp\putty-src\windows\vs2012\x64\release\pageant.pdb
e:\temp\putty-src\windows\vs2012\pageant\x64\release\pageant.res
e:\temp\putty-src\windows\vs2012\pageant\x64\release\pageant.tlog\cl.command.1.tlog
e:\temp\putty-src\windows\vs2012\pageant\x64\release\pageant.tlog\cl.read.1.tlog
e:\temp\putty-src\windows\vs2012\pageant\x64\release\pageant.tlog\cl.write.1.tlog
e:\temp\putty-src\windows\vs2012\pageant\x64\release\pageant.tlog\link.command.1.tlog
e:\temp\putty-src\windows\vs2012\pageant\x64\release\pageant.tlog\link.read.1.tlog
e:\temp\putty-src\windows\vs2012\pageant\x64\release\pageant.tlog\link.write.1.tlog
e:\temp\putty-src\windows\vs2012\pageant\x64\release\pageant.tlog\rc.command.1.tlog
e:\temp\putty-src\windows\vs2012\pageant\x64\release\pageant.tlog\rc.read.1.tlog
e:\temp\putty-src\windows\vs2012\pageant\x64\release\pageant.tlog\rc.write.1.tlog
