e:\temp\putty-src\windows\vs2012\putty\release\vc141.pdb
e:\temp\putty-src\windows\vs2012\putty\release\proxy.obj
e:\temp\putty-src\windows\vs2012\putty\release\portfwd.obj
e:\temp\putty-src\windows\vs2012\putty\release\pinger.obj
e:\temp\putty-src\windows\vs2012\putty\release\pgssapi.obj
e:\temp\putty-src\windows\vs2012\putty\release\miscucs.obj
e:\temp\putty-src\windows\vs2012\putty\release\misc.obj
e:\temp\putty-src\windows\vs2012\putty\release\minibidi.obj
e:\temp\putty-src\windows\vs2012\putty\release\logging.obj
e:\temp\putty-src\windows\vs2012\putty\release\ldiscucs.obj
e:\temp\putty-src\windows\vs2012\putty\release\ldisc.obj
e:\temp\putty-src\windows\vs2012\putty\release\errsock.obj
e:\temp\putty-src\windows\vs2012\putty\release\dialog.obj
e:\temp\putty-src\windows\vs2012\putty\release\cproxy.obj
e:\temp\putty-src\windows\vs2012\putty\release\conf.obj
e:\temp\putty-src\windows\vs2012\putty\release\cmdline.obj
e:\temp\putty-src\windows\vs2012\putty\release\callback.obj
e:\temp\putty-src\windows\vs2012\putty\release\be_misc.obj
e:\temp\putty-src\windows\vs2012\putty\release\be_all_s.obj
e:\temp\putty-src\windows\vs2012\putty\release\aqsync.obj
e:\temp\putty-src\windows\vs2012\putty\release\sshpubk.obj
e:\temp\putty-src\windows\vs2012\putty\release\sshmd5.obj
e:\temp\putty-src\windows\vs2012\putty\release\sshgssc.obj
e:\temp\putty-src\windows\vs2012\putty\release\sshecc.obj
e:\temp\putty-src\windows\vs2012\putty\release\sshdss.obj
e:\temp\putty-src\windows\vs2012\putty\release\sshdh.obj
e:\temp\putty-src\windows\vs2012\putty\release\sshdes.obj
e:\temp\putty-src\windows\vs2012\putty\release\sshcrcda.obj
e:\temp\putty-src\windows\vs2012\putty\release\sshcrc.obj
e:\temp\putty-src\windows\vs2012\putty\release\sshccp.obj
e:\temp\putty-src\windows\vs2012\putty\release\sshbn.obj
e:\temp\putty-src\windows\vs2012\putty\release\sshblowf.obj
e:\temp\putty-src\windows\vs2012\putty\release\ssharcf.obj
e:\temp\putty-src\windows\vs2012\putty\release\sshaes.obj
e:\temp\putty-src\windows\vs2012\putty\release\ssh.obj
e:\temp\putty-src\windows\vs2012\putty\release\settings.obj
e:\temp\putty-src\windows\vs2012\putty\release\sessprep.obj
e:\temp\putty-src\windows\vs2012\putty\release\sercfg.obj
e:\temp\putty-src\windows\vs2012\putty\release\rlogin.obj
e:\temp\putty-src\windows\vs2012\putty\release\raw.obj
e:\temp\putty-src\windows\vs2012\putty\release\windefs.obj
e:\temp\putty-src\windows\vs2012\putty\release\winctrls.obj
e:\temp\putty-src\windows\vs2012\putty\release\wincfg.obj
e:\temp\putty-src\windows\vs2012\putty\release\wincapi.obj
e:\temp\putty-src\windows\vs2012\putty\release\sizetip.obj
e:\temp\putty-src\windows\vs2012\putty\release\wildcard.obj
e:\temp\putty-src\windows\vs2012\putty\release\wcwidth.obj
e:\temp\putty-src\windows\vs2012\putty\release\version.obj
e:\temp\putty-src\windows\vs2012\putty\release\tree234.obj
e:\temp\putty-src\windows\vs2012\putty\release\timing.obj
e:\temp\putty-src\windows\vs2012\putty\release\terminal.obj
e:\temp\putty-src\windows\vs2012\putty\release\telnet.obj
e:\temp\putty-src\windows\vs2012\putty\release\sshzlib.obj
e:\temp\putty-src\windows\vs2012\putty\release\sshshare.obj
e:\temp\putty-src\windows\vs2012\putty\release\sshsha.obj
e:\temp\putty-src\windows\vs2012\putty\release\sshsh512.obj
e:\temp\putty-src\windows\vs2012\putty\release\sshsh256.obj
e:\temp\putty-src\windows\vs2012\putty\release\sshrsa.obj
e:\temp\putty-src\windows\vs2012\putty\release\sshrand.obj
e:\temp\putty-src\windows\vs2012\putty\release\winucs.obj
e:\temp\putty-src\windows\vs2012\putty\release\wintime.obj
e:\temp\putty-src\windows\vs2012\putty\release\winstore.obj
e:\temp\putty-src\windows\vs2012\putty\release\winshare.obj
e:\temp\putty-src\windows\vs2012\putty\release\winser.obj
e:\temp\putty-src\windows\vs2012\putty\release\winsecur.obj
e:\temp\putty-src\windows\vs2012\putty\release\winproxy.obj
e:\temp\putty-src\windows\vs2012\putty\release\winprint.obj
e:\temp\putty-src\windows\vs2012\putty\release\winpgntc.obj
e:\temp\putty-src\windows\vs2012\putty\release\winnps.obj
e:\temp\putty-src\windows\vs2012\putty\release\winnpc.obj
e:\temp\putty-src\windows\vs2012\putty\release\winnoise.obj
e:\temp\putty-src\windows\vs2012\putty\release\winnet.obj
e:\temp\putty-src\windows\vs2012\putty\release\winmisc.obj
e:\temp\putty-src\windows\vs2012\putty\release\winjump.obj
e:\temp\putty-src\windows\vs2012\putty\release\winhsock.obj
e:\temp\putty-src\windows\vs2012\putty\release\winhelp.obj
e:\temp\putty-src\windows\vs2012\putty\release\winhandl.obj
e:\temp\putty-src\windows\vs2012\putty\release\wingss.obj
e:\temp\putty-src\windows\vs2012\putty\release\x11fwd.obj
e:\temp\putty-src\windows\vs2012\putty\release\winx11.obj
e:\temp\putty-src\windows\vs2012\putty\release\winutils.obj
e:\temp\putty-src\windows\vs2012\putty\release\window.obj
e:\temp\putty-src\windows\vs2012\putty\release\windlg.obj
e:\temp\putty-src\windows\vs2012\putty\release\config.obj
e:\temp\putty-src\windows\vs2012\putty\x64\release\putty.res
e:\temp\putty-src\windows\vs2012\x64\release\putty.pdb
e:\temp\putty-src\windows\vs2012\putty\x64\release\putty.tlog\cl.command.1.tlog
e:\temp\putty-src\windows\vs2012\putty\x64\release\putty.tlog\cl.read.1.tlog
e:\temp\putty-src\windows\vs2012\putty\x64\release\putty.tlog\cl.write.1.tlog
e:\temp\putty-src\windows\vs2012\putty\x64\release\putty.tlog\link-cvtres.read.1.tlog
e:\temp\putty-src\windows\vs2012\putty\x64\release\putty.tlog\link-cvtres.write.1.tlog
e:\temp\putty-src\windows\vs2012\putty\x64\release\putty.tlog\link-rc.read.1.tlog
e:\temp\putty-src\windows\vs2012\putty\x64\release\putty.tlog\link-rc.write.1.tlog
e:\temp\putty-src\windows\vs2012\putty\x64\release\putty.tlog\link.command.1.tlog
e:\temp\putty-src\windows\vs2012\putty\x64\release\putty.tlog\link.read.1.tlog
e:\temp\putty-src\windows\vs2012\putty\x64\release\putty.tlog\link.write.1.tlog
e:\temp\putty-src\windows\vs2012\putty\x64\release\putty.tlog\rc.command.1.tlog
e:\temp\putty-src\windows\vs2012\putty\x64\release\putty.tlog\rc.read.1.tlog
e:\temp\putty-src\windows\vs2012\putty\x64\release\putty.tlog\rc.write.1.tlog
